2026-02-05 22:21:13,063 - main - INFO - === Logging system initialized ===
2026-02-05 22:21:13,063 - main - INFO - Log file: logs/app_20260205_222113.log
2026-02-05 22:21:13,064 - main - INFO - Log level: INFO
2026-02-05 22:21:13,064 - main - INFO - Timestamp: 20260205_222113
2026-02-05 22:21:13,926 - main - INFO - Included router: routers.aihub.router
2026-02-05 22:21:13,945 - main - INFO - Included router: routers.auth.router
2026-02-05 22:21:13,947 - main - INFO - Included router: routers.health.router
2026-02-05 22:21:13,974 - main - INFO - Included router: routers.settings.router
2026-02-05 22:21:14,010 - main - INFO - Included router: routers.storage.router
2026-02-05 22:21:14,119 - main - INFO - Included router: routers.user.router
2026-02-05 22:21:14,120 - main - INFO - === Application startup initiated ===
2026-02-05 22:21:14,120 - services.database - DEBUG - [DB_OP] Starting database initialization
2026-02-05 22:21:14,121 - services.database - INFO - 🔧 Starting database initialization...
2026-02-05 22:21:14,121 - core.database - INFO - Starting database initialization...
2026-02-05 22:21:14,121 - core.config - DEBUG - Read dynamic attribute database_url from environment variable DATABASE_URL
2026-02-05 22:21:14,121 - core.database - INFO - Normalizing database URL for async compatibility...
2026-02-05 22:21:14,122 - core.database - INFO - Creating async database engine...
2026-02-05 22:21:14,122 - core.database - INFO - Using QueuePool with connection pooling for non-Lambda environment
2026-02-05 22:21:14,168 - core.database - INFO - Database engine created successfully
2026-02-05 22:21:14,168 - core.database - INFO - Creating async session maker...
2026-02-05 22:21:14,168 - core.database - INFO - Async session maker created successfully
2026-02-05 22:21:14,168 - core.database - INFO - Database connection initialized successfully
2026-02-05 22:21:14,168 - services.database - INFO - 🔧 Database connection initialized, now creating tables if tables not exist...
2026-02-05 22:21:14,168 - core.database - DEBUG - [DB_OP] Starting create_tables
2026-02-05 22:21:14,168 - core.database - INFO - 🔧 Starting table creation...
2026-02-05 22:21:15,733 - core.database - INFO - Tables initialized successfully
2026-02-05 22:21:15,734 - core.database - DEBUG - [DB_OP] Create tables completed in 1.5654s
2026-02-05 22:21:15,792 - services.database - INFO - 🔧 Table creation completed
2026-02-05 22:21:15,793 - services.database - INFO - Database initialized successfully
2026-02-05 22:21:15,793 - services.database - DEBUG - [DB_OP] Database initialization completed in 1.6725s
2026-02-05 22:21:15,793 - services.mock_data - INFO - mock_data directory not found, skipping mock initialization
2026-02-05 22:21:15,793 - services.database - DEBUG - [DB_OP] Starting database initialization
2026-02-05 22:21:15,793 - services.database - INFO - 🔧 Starting database initialization...
2026-02-05 22:21:15,793 - core.database - INFO - Starting database initialization...
2026-02-05 22:21:15,794 - core.database - INFO - Database already initialized
2026-02-05 22:21:15,794 - services.database - INFO - 🔧 Database connection initialized, now creating tables if tables not exist...
2026-02-05 22:21:15,794 - core.database - DEBUG - [DB_OP] Starting create_tables
2026-02-05 22:21:15,794 - core.database - INFO - Tables already initialized
2026-02-05 22:21:15,794 - services.database - INFO - 🔧 Table creation completed
2026-02-05 22:21:15,794 - services.database - INFO - Database initialized successfully
2026-02-05 22:21:15,794 - services.database - DEBUG - [DB_OP] Database initialization completed in 0.0009s
2026-02-05 22:21:15,794 - core.config - DEBUG - Read dynamic attribute admin_user_id from environment variable ADMIN_USER_ID
2026-02-05 22:21:15,794 - core.config - DEBUG - Read dynamic attribute admin_user_email from environment variable ADMIN_USER_EMAIL
2026-02-05 22:21:16,214 - services.auth - DEBUG - Admin user 950471 already exists
2026-02-05 22:21:16,273 - main - INFO - === Application startup completed successfully ===
2026-02-05 22:41:28,449 - services.database - DEBUG - [DB_OP] Starting database close
2026-02-05 22:41:28,452 - core.database - INFO - Database connection closed and engine disposed
2026-02-05 22:41:28,452 - services.database - INFO - Database connections closed
2026-02-05 22:41:28,452 - services.database - DEBUG - [DB_OP] Database close completed in 0.0030s
