2026-02-04 17:07:36,227 - main - INFO - === Logging system initialized ===
2026-02-04 17:07:36,227 - main - INFO - Log file: logs/app_20260204_170736.log
2026-02-04 17:07:36,227 - main - INFO - Log level: INFO
2026-02-04 17:07:36,227 - main - INFO - Timestamp: 20260204_170736
2026-02-04 17:07:49,776 - main - INFO - Included router: routers.aihub.router
2026-02-04 17:07:49,865 - main - INFO - Included router: routers.auth.router
2026-02-04 17:07:49,884 - main - INFO - Included router: routers.health.router
2026-02-04 17:07:49,920 - main - INFO - Included router: routers.settings.router
2026-02-04 17:07:50,000 - main - INFO - Included router: routers.storage.router
2026-02-04 17:07:50,139 - main - INFO - Included router: routers.user.router
2026-02-04 17:07:50,141 - main - INFO - === Application startup initiated ===
2026-02-04 17:07:50,141 - services.database - DEBUG - [DB_OP] Starting database initialization
2026-02-04 17:07:50,141 - services.database - INFO - 🔧 Starting database initialization...
2026-02-04 17:07:50,141 - core.database - INFO - Starting database initialization...
2026-02-04 17:07:50,141 - core.config - DEBUG - Read dynamic attribute database_url from environment variable DATABASE_URL
2026-02-04 17:07:50,141 - core.database - INFO - Normalizing database URL for async compatibility...
2026-02-04 17:07:50,142 - core.database - INFO - Creating async database engine...
2026-02-04 17:07:50,142 - core.database - INFO - Using QueuePool with connection pooling for non-Lambda environment
2026-02-04 17:07:50,521 - core.database - INFO - Database engine created successfully
2026-02-04 17:07:50,522 - core.database - INFO - Creating async session maker...
2026-02-04 17:07:50,522 - core.database - INFO - Async session maker created successfully
2026-02-04 17:07:50,522 - core.database - INFO - Database connection initialized successfully
2026-02-04 17:07:50,522 - services.database - INFO - 🔧 Database connection initialized, now creating tables if tables not exist...
2026-02-04 17:07:50,522 - core.database - DEBUG - [DB_OP] Starting create_tables
2026-02-04 17:07:50,522 - core.database - INFO - 🔧 Starting table creation...
2026-02-04 17:07:52,182 - core.database - INFO - Tables initialized successfully
2026-02-04 17:07:52,183 - core.database - DEBUG - [DB_OP] Create tables completed in 1.6608s
2026-02-04 17:07:52,246 - services.database - INFO - 🔧 Table creation completed
2026-02-04 17:07:52,247 - services.database - INFO - Database initialized successfully
2026-02-04 17:07:52,247 - services.database - DEBUG - [DB_OP] Database initialization completed in 2.1059s
2026-02-04 17:07:52,247 - services.mock_data - INFO - mock_data directory not found, skipping mock initialization
2026-02-04 17:07:52,247 - services.database - DEBUG - [DB_OP] Starting database initialization
2026-02-04 17:07:52,247 - services.database - INFO - 🔧 Starting database initialization...
2026-02-04 17:07:52,247 - core.database - INFO - Starting database initialization...
2026-02-04 17:07:52,247 - core.database - INFO - Database already initialized
2026-02-04 17:07:52,248 - services.database - INFO - 🔧 Database connection initialized, now creating tables if tables not exist...
2026-02-04 17:07:52,248 - core.database - DEBUG - [DB_OP] Starting create_tables
2026-02-04 17:07:52,248 - core.database - INFO - Tables already initialized
2026-02-04 17:07:52,248 - services.database - INFO - 🔧 Table creation completed
2026-02-04 17:07:52,248 - services.database - INFO - Database initialized successfully
2026-02-04 17:07:52,248 - services.database - DEBUG - [DB_OP] Database initialization completed in 0.0006s
2026-02-04 17:07:52,248 - core.config - DEBUG - Read dynamic attribute admin_user_id from environment variable ADMIN_USER_ID
2026-02-04 17:07:52,248 - core.config - DEBUG - Read dynamic attribute admin_user_email from environment variable ADMIN_USER_EMAIL
2026-02-04 17:07:52,699 - services.auth - DEBUG - Admin user 950471 already exists
2026-02-04 17:07:52,762 - main - INFO - === Application startup completed successfully ===
2026-02-04 17:17:38,317 - services.database - DEBUG - [DB_OP] Starting database close
2026-02-04 17:17:38,318 - core.database - INFO - Database connection closed and engine disposed
2026-02-04 17:17:38,318 - services.database - INFO - Database connections closed
2026-02-04 17:17:38,319 - services.database - DEBUG - [DB_OP] Database close completed in 0.0011s
