2026-02-05 22:13:25,387 - main - INFO - === Logging system initialized ===
2026-02-05 22:13:25,387 - main - INFO - Log file: logs/app_20260205_221325.log
2026-02-05 22:13:25,387 - main - INFO - Log level: INFO
2026-02-05 22:13:25,387 - main - INFO - Timestamp: 20260205_221325
2026-02-05 22:13:26,057 - main - INFO - Included router: routers.aihub.router
2026-02-05 22:13:26,074 - main - INFO - Included router: routers.auth.router
2026-02-05 22:13:26,076 - main - INFO - Included router: routers.health.router
2026-02-05 22:13:26,098 - main - INFO - Included router: routers.settings.router
2026-02-05 22:13:26,134 - main - INFO - Included router: routers.storage.router
2026-02-05 22:13:26,194 - main - INFO - Included router: routers.user.router
2026-02-05 22:13:26,195 - main - INFO - === Application startup initiated ===
2026-02-05 22:13:26,195 - services.database - DEBUG - [DB_OP] Starting database initialization
2026-02-05 22:13:26,195 - services.database - INFO - 🔧 Starting database initialization...
2026-02-05 22:13:26,195 - core.database - INFO - Starting database initialization...
2026-02-05 22:13:26,196 - core.config - DEBUG - Read dynamic attribute database_url from environment variable DATABASE_URL
2026-02-05 22:13:26,196 - core.database - INFO - Normalizing database URL for async compatibility...
2026-02-05 22:13:26,196 - core.database - INFO - Creating async database engine...
2026-02-05 22:13:26,197 - core.database - INFO - Using QueuePool with connection pooling for non-Lambda environment
2026-02-05 22:13:26,239 - core.database - INFO - Database engine created successfully
2026-02-05 22:13:26,239 - core.database - INFO - Creating async session maker...
2026-02-05 22:13:26,240 - core.database - INFO - Async session maker created successfully
2026-02-05 22:13:26,240 - core.database - INFO - Database connection initialized successfully
2026-02-05 22:13:26,240 - services.database - INFO - 🔧 Database connection initialized, now creating tables if tables not exist...
2026-02-05 22:13:26,240 - core.database - DEBUG - [DB_OP] Starting create_tables
2026-02-05 22:13:26,240 - core.database - INFO - 🔧 Starting table creation...
2026-02-05 22:13:27,808 - core.database - INFO - Tables initialized successfully
2026-02-05 22:13:27,809 - core.database - DEBUG - [DB_OP] Create tables completed in 1.5691s
2026-02-05 22:13:27,868 - services.database - INFO - 🔧 Table creation completed
2026-02-05 22:13:27,868 - services.database - INFO - Database initialized successfully
2026-02-05 22:13:27,869 - services.database - DEBUG - [DB_OP] Database initialization completed in 1.6740s
2026-02-05 22:13:27,870 - services.mock_data - INFO - mock_data directory not found, skipping mock initialization
2026-02-05 22:13:27,871 - services.database - DEBUG - [DB_OP] Starting database initialization
2026-02-05 22:13:27,871 - services.database - INFO - 🔧 Starting database initialization...
2026-02-05 22:13:27,871 - core.database - INFO - Starting database initialization...
2026-02-05 22:13:27,871 - core.database - INFO - Database already initialized
2026-02-05 22:13:27,871 - services.database - INFO - 🔧 Database connection initialized, now creating tables if tables not exist...
2026-02-05 22:13:27,871 - core.database - DEBUG - [DB_OP] Starting create_tables
2026-02-05 22:13:27,872 - core.database - INFO - Tables already initialized
2026-02-05 22:13:27,872 - services.database - INFO - 🔧 Table creation completed
2026-02-05 22:13:27,872 - services.database - INFO - Database initialized successfully
2026-02-05 22:13:27,872 - services.database - DEBUG - [DB_OP] Database initialization completed in 0.0014s
2026-02-05 22:13:27,872 - core.config - DEBUG - Read dynamic attribute admin_user_id from environment variable ADMIN_USER_ID
2026-02-05 22:13:27,872 - core.config - DEBUG - Read dynamic attribute admin_user_email from environment variable ADMIN_USER_EMAIL
2026-02-05 22:13:28,296 - services.auth - DEBUG - Admin user 950471 already exists
2026-02-05 22:13:28,355 - main - INFO - === Application startup completed successfully ===
2026-02-05 22:14:12,980 - services.database - DEBUG - [DB_OP] Starting database close
2026-02-05 22:14:13,043 - core.database - INFO - Database connection closed and engine disposed
2026-02-05 22:14:13,044 - services.database - INFO - Database connections closed
2026-02-05 22:14:13,044 - services.database - DEBUG - [DB_OP] Database close completed in 0.0634s
