2026-02-05 22:14:24,516 - main - INFO - === Logging system initialized ===
2026-02-05 22:14:24,516 - main - INFO - Log file: logs/app_20260205_221424.log
2026-02-05 22:14:24,517 - main - INFO - Log level: INFO
2026-02-05 22:14:24,518 - main - INFO - Timestamp: 20260205_221424
2026-02-05 22:14:25,281 - main - INFO - Included router: routers.aihub.router
2026-02-05 22:14:25,301 - main - INFO - Included router: routers.auth.router
2026-02-05 22:14:25,304 - main - INFO - Included router: routers.health.router
2026-02-05 22:14:25,329 - main - INFO - Included router: routers.settings.router
2026-02-05 22:14:25,376 - main - INFO - Included router: routers.storage.router
2026-02-05 22:14:25,508 - main - INFO - Included router: routers.user.router
2026-02-05 22:14:25,510 - main - INFO - === Application startup initiated ===
2026-02-05 22:14:25,510 - services.database - DEBUG - [DB_OP] Starting database initialization
2026-02-05 22:14:25,510 - services.database - INFO - 🔧 Starting database initialization...
2026-02-05 22:14:25,510 - core.database - INFO - Starting database initialization...
2026-02-05 22:14:25,510 - core.config - DEBUG - Read dynamic attribute database_url from environment variable DATABASE_URL
2026-02-05 22:14:25,510 - core.database - INFO - Normalizing database URL for async compatibility...
2026-02-05 22:14:25,511 - core.database - INFO - Creating async database engine...
2026-02-05 22:14:25,511 - core.database - INFO - Using QueuePool with connection pooling for non-Lambda environment
2026-02-05 22:14:25,553 - core.database - INFO - Database engine created successfully
2026-02-05 22:14:25,553 - core.database - INFO - Creating async session maker...
2026-02-05 22:14:25,553 - core.database - INFO - Async session maker created successfully
2026-02-05 22:14:25,553 - core.database - INFO - Database connection initialized successfully
2026-02-05 22:14:25,553 - services.database - INFO - 🔧 Database connection initialized, now creating tables if tables not exist...
2026-02-05 22:14:25,553 - core.database - DEBUG - [DB_OP] Starting create_tables
2026-02-05 22:14:25,554 - core.database - INFO - 🔧 Starting table creation...
2026-02-05 22:14:26,822 - core.database - INFO - Tables initialized successfully
2026-02-05 22:14:26,822 - core.database - DEBUG - [DB_OP] Create tables completed in 1.2688s
2026-02-05 22:14:26,883 - services.database - INFO - 🔧 Table creation completed
2026-02-05 22:14:26,883 - services.database - INFO - Database initialized successfully
2026-02-05 22:14:26,884 - services.database - DEBUG - [DB_OP] Database initialization completed in 1.3739s
2026-02-05 22:14:26,884 - services.mock_data - INFO - mock_data directory not found, skipping mock initialization
2026-02-05 22:14:26,884 - services.database - DEBUG - [DB_OP] Starting database initialization
2026-02-05 22:14:26,884 - services.database - INFO - 🔧 Starting database initialization...
2026-02-05 22:14:26,884 - core.database - INFO - Starting database initialization...
2026-02-05 22:14:26,885 - core.database - INFO - Database already initialized
2026-02-05 22:14:26,885 - services.database - INFO - 🔧 Database connection initialized, now creating tables if tables not exist...
2026-02-05 22:14:26,885 - core.database - DEBUG - [DB_OP] Starting create_tables
2026-02-05 22:14:26,885 - core.database - INFO - Tables already initialized
2026-02-05 22:14:26,885 - services.database - INFO - 🔧 Table creation completed
2026-02-05 22:14:26,885 - services.database - INFO - Database initialized successfully
2026-02-05 22:14:26,886 - services.database - DEBUG - [DB_OP] Database initialization completed in 0.0014s
2026-02-05 22:14:26,886 - core.config - DEBUG - Read dynamic attribute admin_user_id from environment variable ADMIN_USER_ID
2026-02-05 22:14:26,886 - core.config - DEBUG - Read dynamic attribute admin_user_email from environment variable ADMIN_USER_EMAIL
2026-02-05 22:14:27,315 - services.auth - DEBUG - Admin user 950471 already exists
2026-02-05 22:14:27,376 - main - INFO - === Application startup completed successfully ===
2026-02-05 22:21:01,220 - services.database - DEBUG - [DB_OP] Starting database close
2026-02-05 22:21:01,221 - core.database - INFO - Database connection closed and engine disposed
2026-02-05 22:21:01,221 - services.database - INFO - Database connections closed
2026-02-05 22:21:01,222 - services.database - DEBUG - [DB_OP] Database close completed in 0.0014s
