2026-02-03 21:46:17,222 - main - INFO - === Logging system initialized ===
2026-02-03 21:46:17,222 - main - INFO - Log file: logs/app_20260203_214617.log
2026-02-03 21:46:17,223 - main - INFO - Log level: INFO
2026-02-03 21:46:17,223 - main - INFO - Timestamp: 20260203_214617
2026-02-03 21:46:29,798 - main - INFO - Included router: routers.aihub.router
2026-02-03 21:46:29,899 - main - INFO - Included router: routers.auth.router
2026-02-03 21:46:29,905 - main - INFO - Included router: routers.health.router
2026-02-03 21:46:29,940 - main - INFO - Included router: routers.settings.router
2026-02-03 21:46:30,029 - main - INFO - Included router: routers.storage.router
2026-02-03 21:46:30,283 - main - INFO - Included router: routers.user.router
2026-02-03 21:46:30,285 - main - INFO - === Application startup initiated ===
2026-02-03 21:46:30,285 - services.database - DEBUG - [DB_OP] Starting database initialization
2026-02-03 21:46:30,285 - services.database - INFO - 🔧 Starting database initialization...
2026-02-03 21:46:30,286 - core.database - INFO - Starting database initialization...
2026-02-03 21:46:30,286 - core.config - DEBUG - Read dynamic attribute database_url from environment variable DATABASE_URL
2026-02-03 21:46:30,286 - core.database - INFO - Normalizing database URL for async compatibility...
2026-02-03 21:46:30,287 - core.database - INFO - Creating async database engine...
2026-02-03 21:46:30,287 - core.database - INFO - Using QueuePool with connection pooling for non-Lambda environment
2026-02-03 21:46:30,779 - core.database - INFO - Database engine created successfully
2026-02-03 21:46:30,779 - core.database - INFO - Creating async session maker...
2026-02-03 21:46:30,779 - core.database - INFO - Async session maker created successfully
2026-02-03 21:46:30,780 - core.database - INFO - Database connection initialized successfully
2026-02-03 21:46:30,780 - services.database - INFO - 🔧 Database connection initialized, now creating tables if tables not exist...
2026-02-03 21:46:30,780 - core.database - DEBUG - [DB_OP] Starting create_tables
2026-02-03 21:46:30,780 - core.database - INFO - 🔧 Starting table creation...
2026-02-03 21:46:32,306 - core.database - INFO - Tables initialized successfully
2026-02-03 21:46:32,306 - core.database - DEBUG - [DB_OP] Create tables completed in 1.5264s
2026-02-03 21:46:32,365 - services.database - INFO - 🔧 Table creation completed
2026-02-03 21:46:32,365 - services.database - INFO - Database initialized successfully
2026-02-03 21:46:32,365 - services.database - DEBUG - [DB_OP] Database initialization completed in 2.0800s
2026-02-03 21:46:32,366 - services.mock_data - INFO - mock_data directory not found, skipping mock initialization
2026-02-03 21:46:32,366 - services.database - DEBUG - [DB_OP] Starting database initialization
2026-02-03 21:46:32,366 - services.database - INFO - 🔧 Starting database initialization...
2026-02-03 21:46:32,366 - core.database - INFO - Starting database initialization...
2026-02-03 21:46:32,366 - core.database - INFO - Database already initialized
2026-02-03 21:46:32,366 - services.database - INFO - 🔧 Database connection initialized, now creating tables if tables not exist...
2026-02-03 21:46:32,366 - core.database - DEBUG - [DB_OP] Starting create_tables
2026-02-03 21:46:32,366 - core.database - INFO - Tables already initialized
2026-02-03 21:46:32,367 - services.database - INFO - 🔧 Table creation completed
2026-02-03 21:46:32,367 - services.database - INFO - Database initialized successfully
2026-02-03 21:46:32,367 - services.database - DEBUG - [DB_OP] Database initialization completed in 0.0009s
2026-02-03 21:46:32,367 - core.config - DEBUG - Read dynamic attribute admin_user_id from environment variable ADMIN_USER_ID
2026-02-03 21:46:32,367 - core.config - DEBUG - Read dynamic attribute admin_user_email from environment variable ADMIN_USER_EMAIL
2026-02-03 21:46:32,787 - services.auth - DEBUG - Admin user 950471 already exists
2026-02-03 21:46:32,846 - main - INFO - === Application startup completed successfully ===
2026-02-03 23:03:59,544 - services.database - DEBUG - [DB_OP] Starting database close
2026-02-03 23:03:59,545 - core.database - INFO - Database connection closed and engine disposed
2026-02-03 23:03:59,546 - services.database - INFO - Database connections closed
2026-02-03 23:03:59,546 - services.database - DEBUG - [DB_OP] Database close completed in 0.0011s
