2026-02-06 03:15:10,257 - main - INFO - === Logging system initialized ===
2026-02-06 03:15:10,258 - main - INFO - Log file: logs/app_20260206_031510.log
2026-02-06 03:15:10,258 - main - INFO - Log level: INFO
2026-02-06 03:15:10,258 - main - INFO - Timestamp: 20260206_031510
2026-02-06 03:15:11,663 - main - INFO - Included router: routers.aihub.router
2026-02-06 03:15:11,697 - main - INFO - Included router: routers.auth.router
2026-02-06 03:15:11,701 - main - INFO - Included router: routers.health.router
2026-02-06 03:15:11,730 - main - INFO - Included router: routers.settings.router
2026-02-06 03:15:11,771 - main - INFO - Included router: routers.storage.router
2026-02-06 03:15:11,875 - main - INFO - Included router: routers.user.router
2026-02-06 03:15:11,877 - main - INFO - === Application startup initiated ===
2026-02-06 03:15:11,877 - services.database - DEBUG - [DB_OP] Starting database initialization
2026-02-06 03:15:11,877 - services.database - INFO - 🔧 Starting database initialization...
2026-02-06 03:15:11,877 - core.database - INFO - Starting database initialization...
2026-02-06 03:15:11,877 - core.config - DEBUG - Read dynamic attribute database_url from environment variable DATABASE_URL
2026-02-06 03:15:11,878 - core.database - INFO - Normalizing database URL for async compatibility...
2026-02-06 03:15:11,879 - core.database - INFO - Creating async database engine...
2026-02-06 03:15:11,880 - core.database - INFO - Using QueuePool with connection pooling for non-Lambda environment
2026-02-06 03:15:11,948 - core.database - INFO - Database engine created successfully
2026-02-06 03:15:11,949 - core.database - INFO - Creating async session maker...
2026-02-06 03:15:11,949 - core.database - INFO - Async session maker created successfully
2026-02-06 03:15:11,949 - core.database - INFO - Database connection initialized successfully
2026-02-06 03:15:11,949 - services.database - INFO - 🔧 Database connection initialized, now creating tables if tables not exist...
2026-02-06 03:15:11,949 - core.database - DEBUG - [DB_OP] Starting create_tables
2026-02-06 03:15:11,949 - core.database - INFO - 🔧 Starting table creation...
2026-02-06 03:15:13,192 - core.database - INFO - Tables initialized successfully
2026-02-06 03:15:13,193 - core.database - DEBUG - [DB_OP] Create tables completed in 1.2439s
2026-02-06 03:15:13,253 - services.database - INFO - 🔧 Table creation completed
2026-02-06 03:15:13,253 - services.database - INFO - Database initialized successfully
2026-02-06 03:15:13,254 - services.database - DEBUG - [DB_OP] Database initialization completed in 1.3765s
2026-02-06 03:15:13,254 - services.mock_data - INFO - mock_data directory not found, skipping mock initialization
2026-02-06 03:15:13,255 - services.database - DEBUG - [DB_OP] Starting database initialization
2026-02-06 03:15:13,255 - services.database - INFO - 🔧 Starting database initialization...
2026-02-06 03:15:13,255 - core.database - INFO - Starting database initialization...
2026-02-06 03:15:13,256 - core.database - INFO - Database already initialized
2026-02-06 03:15:13,257 - services.database - INFO - 🔧 Database connection initialized, now creating tables if tables not exist...
2026-02-06 03:15:13,261 - core.database - DEBUG - [DB_OP] Starting create_tables
2026-02-06 03:15:13,265 - core.database - INFO - Tables already initialized
2026-02-06 03:15:13,265 - services.database - INFO - 🔧 Table creation completed
2026-02-06 03:15:13,265 - services.database - INFO - Database initialized successfully
2026-02-06 03:15:13,265 - services.database - DEBUG - [DB_OP] Database initialization completed in 0.0106s
2026-02-06 03:15:13,266 - core.config - DEBUG - Read dynamic attribute admin_user_id from environment variable ADMIN_USER_ID
2026-02-06 03:15:13,266 - core.config - DEBUG - Read dynamic attribute admin_user_email from environment variable ADMIN_USER_EMAIL
2026-02-06 03:15:13,699 - services.auth - DEBUG - Admin user 950471 already exists
2026-02-06 03:15:13,759 - main - INFO - === Application startup completed successfully ===
2026-02-06 03:15:47,644 - services.database - DEBUG - [DB_OP] Starting database close
2026-02-06 03:15:47,707 - core.database - INFO - Database connection closed and engine disposed
2026-02-06 03:15:47,708 - services.database - INFO - Database connections closed
2026-02-06 03:15:47,708 - services.database - DEBUG - [DB_OP] Database close completed in 0.0640s
