2026-02-06 03:13:47,267 - main - INFO - === Logging system initialized ===
2026-02-06 03:13:47,268 - main - INFO - Log file: logs/app_20260206_031347.log
2026-02-06 03:13:47,269 - main - INFO - Log level: INFO
2026-02-06 03:13:47,270 - main - INFO - Timestamp: 20260206_031347
2026-02-06 03:13:58,846 - main - INFO - Included router: routers.aihub.router
2026-02-06 03:13:59,080 - main - INFO - Included router: routers.auth.router
2026-02-06 03:13:59,178 - main - INFO - Included router: routers.health.router
2026-02-06 03:13:59,298 - main - INFO - Included router: routers.settings.router
2026-02-06 03:13:59,425 - main - INFO - Included router: routers.storage.router
2026-02-06 03:13:59,600 - main - INFO - Included router: routers.user.router
2026-02-06 03:13:59,602 - main - INFO - === Application startup initiated ===
2026-02-06 03:13:59,602 - services.database - DEBUG - [DB_OP] Starting database initialization
2026-02-06 03:13:59,602 - services.database - INFO - 🔧 Starting database initialization...
2026-02-06 03:13:59,602 - core.database - INFO - Starting database initialization...
2026-02-06 03:13:59,603 - core.config - DEBUG - Read dynamic attribute database_url from environment variable DATABASE_URL
2026-02-06 03:13:59,603 - core.database - INFO - Normalizing database URL for async compatibility...
2026-02-06 03:13:59,604 - core.database - INFO - Creating async database engine...
2026-02-06 03:13:59,604 - core.database - INFO - Using QueuePool with connection pooling for non-Lambda environment
2026-02-06 03:13:59,983 - core.database - INFO - Database engine created successfully
2026-02-06 03:13:59,990 - core.database - INFO - Creating async session maker...
2026-02-06 03:13:59,991 - core.database - INFO - Async session maker created successfully
2026-02-06 03:13:59,991 - core.database - INFO - Database connection initialized successfully
2026-02-06 03:13:59,997 - services.database - INFO - 🔧 Database connection initialized, now creating tables if tables not exist...
2026-02-06 03:14:00,003 - core.database - DEBUG - [DB_OP] Starting create_tables
2026-02-06 03:14:00,003 - core.database - INFO - 🔧 Starting table creation...
2026-02-06 03:14:01,597 - core.database - INFO - Tables initialized successfully
2026-02-06 03:14:01,598 - core.database - DEBUG - [DB_OP] Create tables completed in 1.5955s
2026-02-06 03:14:01,657 - services.database - INFO - 🔧 Table creation completed
2026-02-06 03:14:01,657 - services.database - INFO - Database initialized successfully
2026-02-06 03:14:01,658 - services.database - DEBUG - [DB_OP] Database initialization completed in 2.0558s
2026-02-06 03:14:01,658 - services.mock_data - INFO - mock_data directory not found, skipping mock initialization
2026-02-06 03:14:01,658 - services.database - DEBUG - [DB_OP] Starting database initialization
2026-02-06 03:14:01,658 - services.database - INFO - 🔧 Starting database initialization...
2026-02-06 03:14:01,659 - core.database - INFO - Starting database initialization...
2026-02-06 03:14:01,659 - core.database - INFO - Database already initialized
2026-02-06 03:14:01,659 - services.database - INFO - 🔧 Database connection initialized, now creating tables if tables not exist...
2026-02-06 03:14:01,659 - core.database - DEBUG - [DB_OP] Starting create_tables
2026-02-06 03:14:01,659 - core.database - INFO - Tables already initialized
2026-02-06 03:14:01,659 - services.database - INFO - 🔧 Table creation completed
2026-02-06 03:14:01,659 - services.database - INFO - Database initialized successfully
2026-02-06 03:14:01,659 - services.database - DEBUG - [DB_OP] Database initialization completed in 0.0008s
2026-02-06 03:14:01,659 - core.config - DEBUG - Read dynamic attribute admin_user_id from environment variable ADMIN_USER_ID
2026-02-06 03:14:01,660 - core.config - DEBUG - Read dynamic attribute admin_user_email from environment variable ADMIN_USER_EMAIL
2026-02-06 03:14:02,108 - services.auth - DEBUG - Admin user 950471 already exists
2026-02-06 03:14:02,181 - main - INFO - === Application startup completed successfully ===
2026-02-06 03:14:54,155 - services.database - DEBUG - [DB_OP] Starting database close
2026-02-06 03:14:54,234 - core.database - INFO - Database connection closed and engine disposed
2026-02-06 03:14:54,235 - services.database - INFO - Database connections closed
2026-02-06 03:14:54,235 - services.database - DEBUG - [DB_OP] Database close completed in 0.0795s
