2026-02-05 23:20:09,518 - main - INFO - === Logging system initialized ===
2026-02-05 23:20:09,518 - main - INFO - Log file: logs/app_20260205_232009.log
2026-02-05 23:20:09,519 - main - INFO - Log level: INFO
2026-02-05 23:20:09,519 - main - INFO - Timestamp: 20260205_232009
2026-02-05 23:20:11,056 - main - INFO - Included router: routers.aihub.router
2026-02-05 23:20:11,073 - main - INFO - Included router: routers.auth.router
2026-02-05 23:20:11,075 - main - INFO - Included router: routers.health.router
2026-02-05 23:20:11,094 - main - INFO - Included router: routers.settings.router
2026-02-05 23:20:11,129 - main - INFO - Included router: routers.storage.router
2026-02-05 23:20:11,205 - main - INFO - Included router: routers.user.router
2026-02-05 23:20:11,207 - main - INFO - === Application startup initiated ===
2026-02-05 23:20:11,207 - services.database - DEBUG - [DB_OP] Starting database initialization
2026-02-05 23:20:11,207 - services.database - INFO - 🔧 Starting database initialization...
2026-02-05 23:20:11,207 - core.database - INFO - Starting database initialization...
2026-02-05 23:20:11,207 - core.config - DEBUG - Read dynamic attribute database_url from environment variable DATABASE_URL
2026-02-05 23:20:11,208 - core.database - INFO - Normalizing database URL for async compatibility...
2026-02-05 23:20:11,209 - core.database - INFO - Creating async database engine...
2026-02-05 23:20:11,209 - core.database - INFO - Using QueuePool with connection pooling for non-Lambda environment
2026-02-05 23:20:11,250 - core.database - INFO - Database engine created successfully
2026-02-05 23:20:11,250 - core.database - INFO - Creating async session maker...
2026-02-05 23:20:11,250 - core.database - INFO - Async session maker created successfully
2026-02-05 23:20:11,250 - core.database - INFO - Database connection initialized successfully
2026-02-05 23:20:11,250 - services.database - INFO - 🔧 Database connection initialized, now creating tables if tables not exist...
2026-02-05 23:20:11,250 - core.database - DEBUG - [DB_OP] Starting create_tables
2026-02-05 23:20:11,250 - core.database - INFO - 🔧 Starting table creation...
2026-02-05 23:20:12,820 - core.database - INFO - Tables initialized successfully
2026-02-05 23:20:12,820 - core.database - DEBUG - [DB_OP] Create tables completed in 1.5699s
2026-02-05 23:20:12,880 - services.database - INFO - 🔧 Table creation completed
2026-02-05 23:20:12,880 - services.database - INFO - Database initialized successfully
2026-02-05 23:20:12,881 - services.database - DEBUG - [DB_OP] Database initialization completed in 1.6736s
2026-02-05 23:20:12,881 - services.mock_data - INFO - mock_data directory not found, skipping mock initialization
2026-02-05 23:20:12,881 - services.database - DEBUG - [DB_OP] Starting database initialization
2026-02-05 23:20:12,881 - services.database - INFO - 🔧 Starting database initialization...
2026-02-05 23:20:12,881 - core.database - INFO - Starting database initialization...
2026-02-05 23:20:12,881 - core.database - INFO - Database already initialized
2026-02-05 23:20:12,882 - services.database - INFO - 🔧 Database connection initialized, now creating tables if tables not exist...
2026-02-05 23:20:12,882 - core.database - DEBUG - [DB_OP] Starting create_tables
2026-02-05 23:20:12,882 - core.database - INFO - Tables already initialized
2026-02-05 23:20:12,882 - services.database - INFO - 🔧 Table creation completed
2026-02-05 23:20:12,882 - services.database - INFO - Database initialized successfully
2026-02-05 23:20:12,882 - services.database - DEBUG - [DB_OP] Database initialization completed in 0.0009s
2026-02-05 23:20:12,882 - core.config - DEBUG - Read dynamic attribute admin_user_id from environment variable ADMIN_USER_ID
2026-02-05 23:20:12,882 - core.config - DEBUG - Read dynamic attribute admin_user_email from environment variable ADMIN_USER_EMAIL
2026-02-05 23:20:13,314 - services.auth - DEBUG - Admin user 950471 already exists
2026-02-05 23:20:13,375 - main - INFO - === Application startup completed successfully ===
2026-02-05 23:55:48,144 - services.database - DEBUG - [DB_OP] Starting database close
2026-02-05 23:55:48,145 - core.database - INFO - Database connection closed and engine disposed
2026-02-05 23:55:48,145 - services.database - INFO - Database connections closed
2026-02-05 23:55:48,145 - services.database - DEBUG - [DB_OP] Database close completed in 0.0010s
