2026-02-06 00:38:06,876 - main - INFO - === Logging system initialized ===
2026-02-06 00:38:06,876 - main - INFO - Log file: logs/app_20260206_003806.log
2026-02-06 00:38:06,876 - main - INFO - Log level: INFO
2026-02-06 00:38:06,876 - main - INFO - Timestamp: 20260206_003806
2026-02-06 00:38:07,515 - main - INFO - Included router: routers.aihub.router
2026-02-06 00:38:07,534 - main - INFO - Included router: routers.auth.router
2026-02-06 00:38:07,536 - main - INFO - Included router: routers.health.router
2026-02-06 00:38:07,558 - main - INFO - Included router: routers.settings.router
2026-02-06 00:38:07,597 - main - INFO - Included router: routers.storage.router
2026-02-06 00:38:07,690 - main - INFO - Included router: routers.user.router
2026-02-06 00:38:07,691 - main - INFO - === Application startup initiated ===
2026-02-06 00:38:07,692 - services.database - DEBUG - [DB_OP] Starting database initialization
2026-02-06 00:38:07,692 - services.database - INFO - 🔧 Starting database initialization...
2026-02-06 00:38:07,692 - core.database - INFO - Starting database initialization...
2026-02-06 00:38:07,692 - core.config - DEBUG - Read dynamic attribute database_url from environment variable DATABASE_URL
2026-02-06 00:38:07,692 - core.database - INFO - Normalizing database URL for async compatibility...
2026-02-06 00:38:07,693 - core.database - INFO - Creating async database engine...
2026-02-06 00:38:07,693 - core.database - INFO - Using QueuePool with connection pooling for non-Lambda environment
2026-02-06 00:38:07,738 - core.database - INFO - Database engine created successfully
2026-02-06 00:38:07,738 - core.database - INFO - Creating async session maker...
2026-02-06 00:38:07,738 - core.database - INFO - Async session maker created successfully
2026-02-06 00:38:07,739 - core.database - INFO - Database connection initialized successfully
2026-02-06 00:38:07,739 - services.database - INFO - 🔧 Database connection initialized, now creating tables if tables not exist...
2026-02-06 00:38:07,739 - core.database - DEBUG - [DB_OP] Starting create_tables
2026-02-06 00:38:07,739 - core.database - INFO - 🔧 Starting table creation...
2026-02-06 00:38:08,963 - core.database - INFO - Tables initialized successfully
2026-02-06 00:38:08,963 - core.database - DEBUG - [DB_OP] Create tables completed in 1.2243s
2026-02-06 00:38:09,022 - services.database - INFO - 🔧 Table creation completed
2026-02-06 00:38:09,022 - services.database - INFO - Database initialized successfully
2026-02-06 00:38:09,022 - services.database - DEBUG - [DB_OP] Database initialization completed in 1.3308s
2026-02-06 00:38:09,046 - services.mock_data - INFO - mock_data directory not found, skipping mock initialization
2026-02-06 00:38:09,046 - services.database - DEBUG - [DB_OP] Starting database initialization
2026-02-06 00:38:09,046 - services.database - INFO - 🔧 Starting database initialization...
2026-02-06 00:38:09,046 - core.database - INFO - Starting database initialization...
2026-02-06 00:38:09,047 - core.database - INFO - Database already initialized
2026-02-06 00:38:09,047 - services.database - INFO - 🔧 Database connection initialized, now creating tables if tables not exist...
2026-02-06 00:38:09,047 - core.database - DEBUG - [DB_OP] Starting create_tables
2026-02-06 00:38:09,047 - core.database - INFO - Tables already initialized
2026-02-06 00:38:09,047 - services.database - INFO - 🔧 Table creation completed
2026-02-06 00:38:09,047 - services.database - INFO - Database initialized successfully
2026-02-06 00:38:09,047 - services.database - DEBUG - [DB_OP] Database initialization completed in 0.0009s
2026-02-06 00:38:09,047 - core.config - DEBUG - Read dynamic attribute admin_user_id from environment variable ADMIN_USER_ID
2026-02-06 00:38:09,047 - core.config - DEBUG - Read dynamic attribute admin_user_email from environment variable ADMIN_USER_EMAIL
2026-02-06 00:38:09,459 - services.auth - DEBUG - Admin user 950471 already exists
2026-02-06 00:38:09,518 - main - INFO - === Application startup completed successfully ===
2026-02-06 00:50:44,384 - services.database - DEBUG - [DB_OP] Starting database close
2026-02-06 00:50:44,385 - core.database - INFO - Database connection closed and engine disposed
2026-02-06 00:50:44,385 - services.database - INFO - Database connections closed
2026-02-06 00:50:44,385 - services.database - DEBUG - [DB_OP] Database close completed in 0.0015s
