2026-02-06 00:36:33,853 - main - INFO - === Logging system initialized ===
2026-02-06 00:36:33,853 - main - INFO - Log file: logs/app_20260206_003633.log
2026-02-06 00:36:33,854 - main - INFO - Log level: INFO
2026-02-06 00:36:33,854 - main - INFO - Timestamp: 20260206_003633
2026-02-06 00:36:43,775 - main - INFO - Included router: routers.aihub.router
2026-02-06 00:36:43,882 - main - INFO - Included router: routers.auth.router
2026-02-06 00:36:43,906 - main - INFO - Included router: routers.health.router
2026-02-06 00:36:43,937 - main - INFO - Included router: routers.settings.router
2026-02-06 00:36:44,075 - main - INFO - Included router: routers.storage.router
2026-02-06 00:36:44,167 - main - INFO - Included router: routers.user.router
2026-02-06 00:36:44,168 - main - INFO - === Application startup initiated ===
2026-02-06 00:36:44,168 - services.database - DEBUG - [DB_OP] Starting database initialization
2026-02-06 00:36:44,168 - services.database - INFO - 🔧 Starting database initialization...
2026-02-06 00:36:44,169 - core.database - INFO - Starting database initialization...
2026-02-06 00:36:44,169 - core.config - DEBUG - Read dynamic attribute database_url from environment variable DATABASE_URL
2026-02-06 00:36:44,169 - core.database - INFO - Normalizing database URL for async compatibility...
2026-02-06 00:36:44,170 - core.database - INFO - Creating async database engine...
2026-02-06 00:36:44,170 - core.database - INFO - Using QueuePool with connection pooling for non-Lambda environment
2026-02-06 00:36:44,721 - core.database - INFO - Database engine created successfully
2026-02-06 00:36:44,722 - core.database - INFO - Creating async session maker...
2026-02-06 00:36:44,723 - core.database - INFO - Async session maker created successfully
2026-02-06 00:36:44,723 - core.database - INFO - Database connection initialized successfully
2026-02-06 00:36:44,723 - services.database - INFO - 🔧 Database connection initialized, now creating tables if tables not exist...
2026-02-06 00:36:44,723 - core.database - DEBUG - [DB_OP] Starting create_tables
2026-02-06 00:36:44,723 - core.database - INFO - 🔧 Starting table creation...
2026-02-06 00:36:46,337 - core.database - INFO - Tables initialized successfully
2026-02-06 00:36:46,338 - core.database - DEBUG - [DB_OP] Create tables completed in 1.6149s
2026-02-06 00:36:46,398 - services.database - INFO - 🔧 Table creation completed
2026-02-06 00:36:46,399 - services.database - INFO - Database initialized successfully
2026-02-06 00:36:46,399 - services.database - DEBUG - [DB_OP] Database initialization completed in 2.2304s
2026-02-06 00:36:46,400 - services.mock_data - INFO - mock_data directory not found, skipping mock initialization
2026-02-06 00:36:46,400 - services.database - DEBUG - [DB_OP] Starting database initialization
2026-02-06 00:36:46,400 - services.database - INFO - 🔧 Starting database initialization...
2026-02-06 00:36:46,400 - core.database - INFO - Starting database initialization...
2026-02-06 00:36:46,401 - core.database - INFO - Database already initialized
2026-02-06 00:36:46,401 - services.database - INFO - 🔧 Database connection initialized, now creating tables if tables not exist...
2026-02-06 00:36:46,401 - core.database - DEBUG - [DB_OP] Starting create_tables
2026-02-06 00:36:46,401 - core.database - INFO - Tables already initialized
2026-02-06 00:36:46,401 - services.database - INFO - 🔧 Table creation completed
2026-02-06 00:36:46,401 - services.database - INFO - Database initialized successfully
2026-02-06 00:36:46,401 - services.database - DEBUG - [DB_OP] Database initialization completed in 0.0011s
2026-02-06 00:36:46,401 - core.config - DEBUG - Read dynamic attribute admin_user_id from environment variable ADMIN_USER_ID
2026-02-06 00:36:46,402 - core.config - DEBUG - Read dynamic attribute admin_user_email from environment variable ADMIN_USER_EMAIL
2026-02-06 00:36:46,838 - services.auth - DEBUG - Admin user 950471 already exists
2026-02-06 00:36:46,899 - main - INFO - === Application startup completed successfully ===
2026-02-06 00:36:58,033 - services.database - DEBUG - [DB_OP] Starting database close
2026-02-06 00:36:58,107 - core.database - INFO - Database connection closed and engine disposed
2026-02-06 00:36:58,108 - services.database - INFO - Database connections closed
2026-02-06 00:36:58,108 - services.database - DEBUG - [DB_OP] Database close completed in 0.0752s
