2026-02-06 00:37:09,163 - main - INFO - === Logging system initialized ===
2026-02-06 00:37:09,163 - main - INFO - Log file: logs/app_20260206_003709.log
2026-02-06 00:37:09,163 - main - INFO - Log level: INFO
2026-02-06 00:37:09,163 - main - INFO - Timestamp: 20260206_003709
2026-02-06 00:37:09,830 - main - INFO - Included router: routers.aihub.router
2026-02-06 00:37:09,848 - main - INFO - Included router: routers.auth.router
2026-02-06 00:37:09,850 - main - INFO - Included router: routers.health.router
2026-02-06 00:37:09,872 - main - INFO - Included router: routers.settings.router
2026-02-06 00:37:09,909 - main - INFO - Included router: routers.storage.router
2026-02-06 00:37:09,994 - main - INFO - Included router: routers.user.router
2026-02-06 00:37:09,995 - main - INFO - === Application startup initiated ===
2026-02-06 00:37:09,996 - services.database - DEBUG - [DB_OP] Starting database initialization
2026-02-06 00:37:09,996 - services.database - INFO - 🔧 Starting database initialization...
2026-02-06 00:37:09,996 - core.database - INFO - Starting database initialization...
2026-02-06 00:37:09,996 - core.config - DEBUG - Read dynamic attribute database_url from environment variable DATABASE_URL
2026-02-06 00:37:09,996 - core.database - INFO - Normalizing database URL for async compatibility...
2026-02-06 00:37:09,998 - core.database - INFO - Creating async database engine...
2026-02-06 00:37:09,998 - core.database - INFO - Using QueuePool with connection pooling for non-Lambda environment
2026-02-06 00:37:10,091 - core.database - INFO - Database engine created successfully
2026-02-06 00:37:10,091 - core.database - INFO - Creating async session maker...
2026-02-06 00:37:10,091 - core.database - INFO - Async session maker created successfully
2026-02-06 00:37:10,091 - core.database - INFO - Database connection initialized successfully
2026-02-06 00:37:10,091 - services.database - INFO - 🔧 Database connection initialized, now creating tables if tables not exist...
2026-02-06 00:37:10,091 - core.database - DEBUG - [DB_OP] Starting create_tables
2026-02-06 00:37:10,091 - core.database - INFO - 🔧 Starting table creation...
2026-02-06 00:37:11,321 - core.database - INFO - Tables initialized successfully
2026-02-06 00:37:11,321 - core.database - DEBUG - [DB_OP] Create tables completed in 1.2302s
2026-02-06 00:37:11,380 - services.database - INFO - 🔧 Table creation completed
2026-02-06 00:37:11,380 - services.database - INFO - Database initialized successfully
2026-02-06 00:37:11,380 - services.database - DEBUG - [DB_OP] Database initialization completed in 1.3845s
2026-02-06 00:37:11,381 - services.mock_data - INFO - mock_data directory not found, skipping mock initialization
2026-02-06 00:37:11,381 - services.database - DEBUG - [DB_OP] Starting database initialization
2026-02-06 00:37:11,381 - services.database - INFO - 🔧 Starting database initialization...
2026-02-06 00:37:11,382 - core.database - INFO - Starting database initialization...
2026-02-06 00:37:11,382 - core.database - INFO - Database already initialized
2026-02-06 00:37:11,382 - services.database - INFO - 🔧 Database connection initialized, now creating tables if tables not exist...
2026-02-06 00:37:11,382 - core.database - DEBUG - [DB_OP] Starting create_tables
2026-02-06 00:37:11,383 - core.database - INFO - Tables already initialized
2026-02-06 00:37:11,383 - services.database - INFO - 🔧 Table creation completed
2026-02-06 00:37:11,383 - services.database - INFO - Database initialized successfully
2026-02-06 00:37:11,383 - services.database - DEBUG - [DB_OP] Database initialization completed in 0.0019s
2026-02-06 00:37:11,383 - core.config - DEBUG - Read dynamic attribute admin_user_id from environment variable ADMIN_USER_ID
2026-02-06 00:37:11,383 - core.config - DEBUG - Read dynamic attribute admin_user_email from environment variable ADMIN_USER_EMAIL
2026-02-06 00:37:11,793 - services.auth - DEBUG - Admin user 950471 already exists
2026-02-06 00:37:11,852 - main - INFO - === Application startup completed successfully ===
2026-02-06 00:37:56,177 - services.database - DEBUG - [DB_OP] Starting database close
2026-02-06 00:37:56,240 - core.database - INFO - Database connection closed and engine disposed
2026-02-06 00:37:56,240 - services.database - INFO - Database connections closed
2026-02-06 00:37:56,240 - services.database - DEBUG - [DB_OP] Database close completed in 0.0630s
