2026-02-05 22:06:16,329 - main - INFO - === Logging system initialized ===
2026-02-05 22:06:16,329 - main - INFO - Log file: logs/app_20260205_220616.log
2026-02-05 22:06:16,330 - main - INFO - Log level: INFO
2026-02-05 22:06:16,330 - main - INFO - Timestamp: 20260205_220616
2026-02-05 22:06:27,307 - main - INFO - Included router: routers.aihub.router
2026-02-05 22:06:27,439 - main - INFO - Included router: routers.auth.router
2026-02-05 22:06:27,447 - main - INFO - Included router: routers.health.router
2026-02-05 22:06:27,489 - main - INFO - Included router: routers.settings.router
2026-02-05 22:06:27,563 - main - INFO - Included router: routers.storage.router
2026-02-05 22:06:27,746 - main - INFO - Included router: routers.user.router
2026-02-05 22:06:27,747 - main - INFO - === Application startup initiated ===
2026-02-05 22:06:27,748 - services.database - DEBUG - [DB_OP] Starting database initialization
2026-02-05 22:06:27,748 - services.database - INFO - 🔧 Starting database initialization...
2026-02-05 22:06:27,748 - core.database - INFO - Starting database initialization...
2026-02-05 22:06:27,748 - core.config - DEBUG - Read dynamic attribute database_url from environment variable DATABASE_URL
2026-02-05 22:06:27,748 - core.database - INFO - Normalizing database URL for async compatibility...
2026-02-05 22:06:27,749 - core.database - INFO - Creating async database engine...
2026-02-05 22:06:27,749 - core.database - INFO - Using QueuePool with connection pooling for non-Lambda environment
2026-02-05 22:06:28,305 - core.database - INFO - Database engine created successfully
2026-02-05 22:06:28,306 - core.database - INFO - Creating async session maker...
2026-02-05 22:06:28,306 - core.database - INFO - Async session maker created successfully
2026-02-05 22:06:28,306 - core.database - INFO - Database connection initialized successfully
2026-02-05 22:06:28,306 - services.database - INFO - 🔧 Database connection initialized, now creating tables if tables not exist...
2026-02-05 22:06:28,306 - core.database - DEBUG - [DB_OP] Starting create_tables
2026-02-05 22:06:28,306 - core.database - INFO - 🔧 Starting table creation...
2026-02-05 22:06:29,883 - core.database - INFO - Tables initialized successfully
2026-02-05 22:06:29,884 - core.database - DEBUG - [DB_OP] Create tables completed in 1.5775s
2026-02-05 22:06:29,943 - services.database - INFO - 🔧 Table creation completed
2026-02-05 22:06:29,943 - services.database - INFO - Database initialized successfully
2026-02-05 22:06:29,943 - services.database - DEBUG - [DB_OP] Database initialization completed in 2.1958s
2026-02-05 22:06:29,944 - services.mock_data - INFO - mock_data directory not found, skipping mock initialization
2026-02-05 22:06:29,944 - services.database - DEBUG - [DB_OP] Starting database initialization
2026-02-05 22:06:29,945 - services.database - INFO - 🔧 Starting database initialization...
2026-02-05 22:06:29,945 - core.database - INFO - Starting database initialization...
2026-02-05 22:06:29,946 - core.database - INFO - Database already initialized
2026-02-05 22:06:29,946 - services.database - INFO - 🔧 Database connection initialized, now creating tables if tables not exist...
2026-02-05 22:06:29,946 - core.database - DEBUG - [DB_OP] Starting create_tables
2026-02-05 22:06:29,946 - core.database - INFO - Tables already initialized
2026-02-05 22:06:29,946 - services.database - INFO - 🔧 Table creation completed
2026-02-05 22:06:29,946 - services.database - INFO - Database initialized successfully
2026-02-05 22:06:29,946 - services.database - DEBUG - [DB_OP] Database initialization completed in 0.0018s
2026-02-05 22:06:29,946 - core.config - DEBUG - Read dynamic attribute admin_user_id from environment variable ADMIN_USER_ID
2026-02-05 22:06:29,946 - core.config - DEBUG - Read dynamic attribute admin_user_email from environment variable ADMIN_USER_EMAIL
2026-02-05 22:06:30,368 - services.auth - DEBUG - Admin user 950471 already exists
2026-02-05 22:06:30,427 - main - INFO - === Application startup completed successfully ===
2026-02-05 22:13:12,645 - services.database - DEBUG - [DB_OP] Starting database close
2026-02-05 22:13:12,647 - core.database - INFO - Database connection closed and engine disposed
2026-02-05 22:13:12,647 - services.database - INFO - Database connections closed
2026-02-05 22:13:12,647 - services.database - DEBUG - [DB_OP] Database close completed in 0.0016s
